app/build/intermediates/manifest_merge_blame_file/debug/manifest-merger-blame-debug-report.txt
1<?xml version="1.0" encoding="utf-8"?>
2<manifest xmlns:android="http://schemas.android.com/apk/res/android"
3    package="com.mobdev.multifragment"
4    android:versionCode="1"
5    android:versionName="1.0" >
6
7    <uses-sdk
7-->src/main/AndroidManifest.xml:7:5-47
8        android:minSdkVersion="14"
8-->src/main/AndroidManifest.xml:7:5-47
9        android:targetSdkVersion="29" />
9-->src/main/AndroidManifest.xml:7:15-44
10
11    <application
11-->src/main/AndroidManifest.xml:9:5-31:19
12        android:allowBackup="true"
12-->src/main/AndroidManifest.xml:10:9-35
13        android:appComponentFactory="androidx.core.app.CoreComponentFactory"
13-->[androidx.core:core:1.1.0] AndroidManifest.xml:24:18-86
14        android:debuggable="true"
15        android:icon="@mipmap/ic_launcher"
15-->src/main/AndroidManifest.xml:11:9-43
16        android:label="@string/app_name"
16-->src/main/AndroidManifest.xml:12:9-41
17        android:testOnly="true"
18        android:theme="@style/AppTheme" >
18-->src/main/AndroidManifest.xml:13:9-40
19        <activity
19-->src/main/AndroidManifest.xml:15:9-24:20
20            android:name="com.mobdev.multifragment.MainActivity"
20-->src/main/AndroidManifest.xml:16:13-65
21            android:label="@string/app_name"
21-->src/main/AndroidManifest.xml:17:13-45
22            android:theme="@style/AppTheme.NoActionBar" >
22-->src/main/AndroidManifest.xml:18:13-56
23            <intent-filter>
23-->src/main/AndroidManifest.xml:19:13-23:29
24                <action android:name="android.intent.action.MAIN" />
24-->src/main/AndroidManifest.xml:20:17-69
24-->src/main/AndroidManifest.xml:20:25-66
25
26                <category android:name="android.intent.category.LAUNCHER" />
26-->src/main/AndroidManifest.xml:22:17-77
26-->src/main/AndroidManifest.xml:22:27-74
27            </intent-filter>
28        </activity>
29        <activity
29-->src/main/AndroidManifest.xml:26:9-29:20
30            android:name="com.mobdev.multifragment.InfoActivity"
30-->src/main/AndroidManifest.xml:27:13-65
31            android:theme="@style/AppTheme.NoActionBar" >
31-->src/main/AndroidManifest.xml:28:13-56
32        </activity>
33    </application>
34
35</manifest>